0 info it worked if it ends with ok
1 verbose cli [ 'node',
1 verbose cli   '/usr/local/bin/npm',
1 verbose cli   'install',
1 verbose cli   'grunt-uncss@4.3',
1 verbose cli   '--save-dev' ]
2 info using npm@3.5.2
3 info using node@v0.12.7
4 silly loadCurrentTree Starting
5 silly install loadCurrentTree
6 silly install readLocalPackageData
7 silly fetchPackageMetaData grunt-uncss@4.3
8 silly fetchNamedPackageData grunt-uncss
9 silly mapToRegistry name grunt-uncss
10 silly mapToRegistry using default registry
11 silly mapToRegistry registry https://registry.npmjs.org/
12 silly mapToRegistry uri https://registry.npmjs.org/grunt-uncss
13 verbose request uri https://registry.npmjs.org/grunt-uncss
14 verbose request no auth needed
15 info attempt registry request try #1 at 10:34:34 AM
16 verbose request id c4f9872e2f4821e5
17 verbose etag "CLW08MOXMSBUTC7GMB30D2ZQ4"
18 http request GET https://registry.npmjs.org/grunt-uncss
19 http 304 https://registry.npmjs.org/grunt-uncss
20 verbose headers { date: 'Thu, 24 Dec 2015 10:34:34 GMT',
20 verbose headers   via: '1.1 varnish',
20 verbose headers   'cache-control': 'max-age=300',
20 verbose headers   etag: '"CLW08MOXMSBUTC7GMB30D2ZQ4"',
20 verbose headers   age: '263',
20 verbose headers   connection: 'keep-alive',
20 verbose headers   'x-served-by': 'cache-lcy1123-LCY',
20 verbose headers   'x-cache': 'HIT',
20 verbose headers   'x-cache-hits': '1',
20 verbose headers   'x-timer': 'S1450953274.306413,VS0,VE0',
20 verbose headers   vary: 'Accept' }
21 silly get cb [ 304,
21 silly get   { date: 'Thu, 24 Dec 2015 10:34:34 GMT',
21 silly get     via: '1.1 varnish',
21 silly get     'cache-control': 'max-age=300',
21 silly get     etag: '"CLW08MOXMSBUTC7GMB30D2ZQ4"',
21 silly get     age: '263',
21 silly get     connection: 'keep-alive',
21 silly get     'x-served-by': 'cache-lcy1123-LCY',
21 silly get     'x-cache': 'HIT',
21 silly get     'x-cache-hits': '1',
21 silly get     'x-timer': 'S1450953274.306413,VS0,VE0',
21 silly get     vary: 'Accept' } ]
22 verbose etag https://registry.npmjs.org/grunt-uncss from cache
23 verbose get saving grunt-uncss to /Users/robrandell/.npm/registry.npmjs.org/grunt-uncss/.cache.json
24 silly fetchPackageMetaData Error: No compatible version found: grunt-uncss@4.3
24 silly fetchPackageMetaData Valid install targets:
24 silly fetchPackageMetaData 0.4.4, 0.4.3, 0.4.2, 0.4.1, 0.4.0, 0.3.8, 0.3.7, 0.3.6, 0.3.5, 0.3.4, 0.3.3, 0.3.2, 0.3.1, 0.3.0, 0.2.2, 0.2.1, 0.2.0, 0.1.9, 0.1.8, 0.1.7, 0.1.6, 0.1.5, 0.1.3, 0.1.2, 0.1.1, 0.1.0
24 silly fetchPackageMetaData
24 silly fetchPackageMetaData     at pickVersionFromRegistryDocument (/usr/local/lib/node_modules/npm/lib/fetch-package-metadata.js:156:16)
24 silly fetchPackageMetaData     at /usr/local/lib/node_modules/npm/node_modules/iferr/index.js:13:50
24 silly fetchPackageMetaData     at /usr/local/lib/node_modules/npm/lib/utils/pulse-till-done.js:19:8
24 silly fetchPackageMetaData     at saved (/usr/local/lib/node_modules/npm/lib/cache/caching-client.js:168:7)
24 silly fetchPackageMetaData     at /usr/local/lib/node_modules/npm/node_modules/graceful-fs/polyfills.js:210:7
24 silly fetchPackageMetaData     at FSReqWrap.oncomplete (fs.js:95:15)
24 silly fetchPackageMetaData  error for grunt-uncss@4.3 [Error: No compatible version found: grunt-uncss@4.3
24 silly fetchPackageMetaData Valid install targets:
24 silly fetchPackageMetaData 0.4.4, 0.4.3, 0.4.2, 0.4.1, 0.4.0, 0.3.8, 0.3.7, 0.3.6, 0.3.5, 0.3.4, 0.3.3, 0.3.2, 0.3.1, 0.3.0, 0.2.2, 0.2.1, 0.2.0, 0.1.9, 0.1.8, 0.1.7, 0.1.6, 0.1.5, 0.1.3, 0.1.2, 0.1.1, 0.1.0
24 silly fetchPackageMetaData ]
25 silly rollbackFailedOptional Starting
26 silly rollbackFailedOptional Finishing
27 silly runTopLevelLifecycles Starting
28 silly runTopLevelLifecycles Finishing
29 silly install printInstalled
30 verbose stack Error: No compatible version found: grunt-uncss@4.3
30 verbose stack Valid install targets:
30 verbose stack 0.4.4, 0.4.3, 0.4.2, 0.4.1, 0.4.0, 0.3.8, 0.3.7, 0.3.6, 0.3.5, 0.3.4, 0.3.3, 0.3.2, 0.3.1, 0.3.0, 0.2.2, 0.2.1, 0.2.0, 0.1.9, 0.1.8, 0.1.7, 0.1.6, 0.1.5, 0.1.3, 0.1.2, 0.1.1, 0.1.0
30 verbose stack
30 verbose stack     at pickVersionFromRegistryDocument (/usr/local/lib/node_modules/npm/lib/fetch-package-metadata.js:156:16)
30 verbose stack     at /usr/local/lib/node_modules/npm/node_modules/iferr/index.js:13:50
30 verbose stack     at /usr/local/lib/node_modules/npm/lib/utils/pulse-till-done.js:19:8
30 verbose stack     at saved (/usr/local/lib/node_modules/npm/lib/cache/caching-client.js:168:7)
30 verbose stack     at /usr/local/lib/node_modules/npm/node_modules/graceful-fs/polyfills.js:210:7
30 verbose stack     at FSReqWrap.oncomplete (fs.js:95:15)
31 verbose cwd /Users/robrandell/Documents/MMA Builds/RJRStudios
32 error Darwin 14.4.0
33 error argv "node" "/usr/local/bin/npm" "install" "grunt-uncss@4.3" "--save-dev"
34 error node v0.12.7
35 error npm  v3.5.2
36 error No compatible version found: grunt-uncss@4.3
36 error Valid install targets:
36 error 0.4.4, 0.4.3, 0.4.2, 0.4.1, 0.4.0, 0.3.8, 0.3.7, 0.3.6, 0.3.5, 0.3.4, 0.3.3, 0.3.2, 0.3.1, 0.3.0, 0.2.2, 0.2.1, 0.2.0, 0.1.9, 0.1.8, 0.1.7, 0.1.6, 0.1.5, 0.1.3, 0.1.2, 0.1.1, 0.1.0
37 error If you need help, you may report this error at:
37 error     <https://github.com/npm/npm/issues>
38 verbose exit [ 1, true ]
